[debug] > Exec(early(addDefaultCommands), None, None)
[debug] > Exec(addDefaultCommands, None, None)
[debug] > Exec(early(initialize), None, None)
[debug] > Exec(initialize, None, None)
[debug] > Exec(boot, None, None)
[debug] > Exec(writeSbtVersion, None, None)
[warn] No sbt.version set in project/build.properties, base directory: C:\Users\Ivan\Desktop\car-vibe
[debug] > Exec(reload, None, None)
[debug] > Exec(sbtStashOnFailure, None, None)
[debug] > Exec(onFailure loadFailed, None, None)
[debug] > Exec(loadp, None, None)
[info] welcome to sbt 1.5.5 (AdoptOpenJDK Java 14.0.2)
[debug] Load.defaultLoad until apply took 252.9196ms
[debug]     Load.loadUnit: plugins took 68.2287ms
[debug]     Load.loadUnit: defsScala took 0.2644ms
[debug] [Loading] Scanning directory C:\Users\Ivan\Desktop\car-vibe
[debug] [Loading] Found non-root projects 
[debug] [Loading] Done in C:\Users\Ivan\Desktop\car-vibe, returning: ()
[debug] deducing auto plugins based on known facts Set(Atom(sbt.plugins.CorePlugin)) and clauses Clauses(Clause(Atom(sbt.plugins.JvmPlugin),Set(Atom(sbt.plugins.IvyPlugin)))
[debug] Clause(Atom(sbt.ScriptedPlugin),Set(Atom(sbt.plugins.JvmPlugin)))
[debug] Clause(Atom(sbt.plugins.SbtPlugin),Set(Atom(sbt.ScriptedPlugin)))
[debug] Clause(Atom(sbt.plugins.SemanticdbPlugin),Set(Atom(sbt.plugins.JvmPlugin)))
[debug] Clause(Atom(sbt.plugins.JUnitXmlReportPlugin),Set(Atom(sbt.plugins.JvmPlugin)))
[debug] Clause(Atom(sbt.plugins.MiniDependencyTreePlugin),Set(Atom(sbt.plugins.JvmPlugin)))
[debug] Clause(Atom(sbt.plugins.CorePlugin),Set(Atom(sbt.plugins.IvyPlugin)))
[debug] Clause(Atom(sbt.plugins.IvyPlugin),Set(Atom(sbt.plugins.JvmPlugin)))
[debug] Clause(Atom(sbt.plugins.JvmPlugin),Set(Atom(sbt.plugins.SemanticdbPlugin)))
[debug] Clause(Atom(sbt.plugins.JvmPlugin),Set(Atom(sbt.plugins.JUnitXmlReportPlugin)))
[debug] Clause(Atom(sbt.plugins.CorePlugin),Set(Atom(sbt.plugins.Giter8TemplatePlugin)))
[debug] Clause(Atom(sbt.plugins.JvmPlugin),Set(Atom(sbt.plugins.MiniDependencyTreePlugin))))
[debug]   :: deduced result: Matched(sbt.plugins.CorePlugin,sbt.plugins.Giter8TemplatePlugin,sbt.plugins.IvyPlugin,sbt.plugins.JvmPlugin,sbt.plugins.MiniDependencyTreePlugin,sbt.plugins.JUnitXmlReportPlugin,sbt.plugins.SemanticdbPlugin)
[debug] Plugins.deducer#function took 13.7454 ms
[debug]         Load.resolveProject(car-vibe) took 36.2547ms
[debug]       Load.loadTransitive: finalizeProject(Project(id car-vibe, base: C:\Users\Ivan\Desktop\car-vibe, plugins: List(<none>))) took 67.0483ms
[debug] [Loading] Done in C:\Users\Ivan\Desktop\car-vibe, returning: (car-vibe)
[debug]     Load.loadUnit: loadedProjectsRaw took 147.2105ms
[debug]     Load.loadUnit: cleanEvalClasses took 0.2601ms
[debug]   Load.loadUnit(file:/C:/Users/Ivan/Desktop/car-vibe/, ...) took 220.6742ms
[debug] Load.apply: load took 342.2144ms
[debug] Load.apply: resolveProjects took 5.1352ms
[debug] Load.apply: finalTransforms took 44.6551ms
[debug] Load.apply: config.delegates took 5.9597ms
[debug] Load.apply: Def.make(settings)... took 251.9559ms
[debug] Load.apply: structureIndex took 68.0198ms
[debug] Load.apply: mkStreams took 1.1452ms
[info] set current project to car-vibe (in build file:/C:/Users/Ivan/Desktop/car-vibe/)
[debug] > Exec(sbtPopOnFailure, None, None)
[debug] > Exec(resumeFromFailure, None, None)
[debug] > Exec(notifyUsersAboutShell, None, None)
[debug] > Exec(iflast shell, None, None)
[debug] > Exec(shell, None, None)
[info] sbt server started at local:sbt-server-da4235f5673af8ce189c
[debug] Writing bsp connection file
[info] started sbt server
